------- log of 2026-01-17 18:43:04 -------

2026-01-17 18:43:04 DEBUG	Prepare lasm file
2026-01-17 18:43:04 DEBUG	Start parsing main
2026-01-17 18:43:04 DEBUG	Start parsing main/F0
2026-01-17 18:43:04 DEBUG	Start parsing main/F0/F1
2026-01-17 18:43:04 DEBUG	Start parsing main/F0/F1/F5
2026-01-17 18:43:04 DEBUG	Start parsing main/F0/F2
2026-01-17 18:43:04 DEBUG	Start parsing main/F0/F3
2026-01-17 18:43:04 DEBUG	Start parsing main/F0/F4
2026-01-17 18:43:04 DEBUG	Preparing for deobfuscation
2026-01-17 18:43:04 DEBUG	LT Detected
2026-01-17 18:43:04 DEBUG	LT Detected
2026-01-17 18:43:04 DEBUG	Jump to goto_819
2026-01-17 18:43:04 DEBUG	Jump to goto_418
2026-01-17 18:43:04 DEBUG	Jump to goto_821
2026-01-17 18:43:04 DEBUG	Jump to goto_350
2026-01-17 18:43:04 DEBUG	Jump to goto_768
2026-01-17 18:43:04 DEBUG	Jump to goto_96
2026-01-17 18:43:04 DEBUG	Jump to goto_452
2026-01-17 18:43:04 DEBUG	Jump to goto_242
2026-01-17 18:43:04 DEBUG	Jump to goto_172
2026-01-17 18:43:04 DEBUG	Jump to goto_731
2026-01-17 18:43:04 DEBUG	Jump to goto_385
2026-01-17 18:43:04 DEBUG	Jump to goto_804
2026-01-17 18:43:04 DEBUG	Jump to goto_45
2026-01-17 18:43:04 DEBUG	Jump to goto_263
2026-01-17 18:43:04 DEBUG	Jump to goto_541
2026-01-17 18:43:04 DEBUG	Jump to goto_828
2026-01-17 18:43:04 DEBUG	Jump to goto_574
2026-01-17 18:43:04 DEBUG	Jump to goto_295
2026-01-17 18:43:04 DEBUG	Jump to goto_610
2026-01-17 18:43:04 DEBUG	Jump to goto_150
2026-01-17 18:43:04 DEBUG	Jump to goto_643
2026-01-17 18:43:04 DEBUG	Jump to goto_331
2026-01-17 18:43:04 DEBUG	Jump to goto_679
2026-01-17 18:43:04 DEBUG	Jump to goto_77
2026-01-17 18:43:04 DEBUG	Jump to goto_714
2026-01-17 18:43:04 DEBUG	Jump to goto_368
2026-01-17 18:43:04 DEBUG	Jump to goto_751
2026-01-17 18:43:04 DEBUG	Jump to goto_188
2026-01-17 18:43:04 DEBUG	Jump to goto_785
2026-01-17 18:43:04 DEBUG	Jump to goto_445
2026-01-17 18:43:04 DEBUG	Jump to goto_105
2026-01-17 18:43:04 DEBUG	Jump to goto_461
2026-01-17 18:43:04 DEBUG	Jump to goto_234
2026-01-17 18:43:04 DEBUG	Jump to goto_478
2026-01-17 18:43:04 DEBUG	Jump to goto_532
2026-01-17 18:43:04 DEBUG	Jump to goto_270
2026-01-17 18:43:04 DEBUG	Jump to goto_550
2026-01-17 18:43:04 DEBUG	Jump to goto_830
2026-01-17 18:43:04 DEBUG	Jump to goto_566
2026-01-17 18:43:04 DEBUG	Jump to goto_286
2026-01-17 18:43:04 DEBUG	Jump to goto_583
2026-01-17 18:43:04 DEBUG	Jump to goto_141
2026-01-17 18:43:04 DEBUG	Jump to goto_601
2026-01-17 18:43:04 DEBUG	Jump to goto_303
2026-01-17 18:43:04 DEBUG	Jump to goto_162
2026-01-17 18:43:04 DEBUG	Jump to goto_669
2026-01-17 18:43:04 DEBUG	Jump to goto_340
2026-01-17 18:43:04 DEBUG	Jump to goto_688
2026-01-17 18:43:04 DEBUG	Jump to goto_36
2026-01-17 18:43:04 DEBUG	Jump to goto_706
2026-01-17 18:43:04 DEBUG	Jump to goto_359
2026-01-17 18:43:04 DEBUG	Jump to goto_723
2026-01-17 18:43:04 DEBUG	Jump to goto_179
2026-01-17 18:43:04 DEBUG	Jump to goto_741
2026-01-17 18:43:04 DEBUG	Jump to goto_796
2026-01-17 18:43:04 DEBUG	Jump to goto_197
2026-01-17 18:43:04 DEBUG	Jump to goto_813
2026-01-17 18:43:04 DEBUG	Jump to goto_202
2026-01-17 18:43:04 DEBUG	Jump to goto_414
2026-01-17 18:43:04 DEBUG	Jump to goto_9
2026-01-17 18:43:04 DEBUG	Jump to goto_422
2026-01-17 18:43:04 DEBUG	Jump to goto_211
2026-01-17 18:43:04 DEBUG	Jump to goto_431
2026-01-17 18:43:04 DEBUG	Jump to goto_100
2026-01-17 18:43:04 DEBUG	Jump to goto_230
2026-01-17 18:43:04 DEBUG	Jump to goto_465
2026-01-17 18:43:04 DEBUG	Jump to goto_111
2026-01-17 18:43:04 DEBUG	Jump to goto_474
2026-01-17 18:43:04 DEBUG	Jump to goto_238
2026-01-17 18:43:04 DEBUG	Jump to goto_484
2026-01-17 18:43:04 DEBUG	Jump to goto_25
2026-01-17 18:43:04 DEBUG	Jump to goto_492
2026-01-17 18:43:04 DEBUG	Jump to goto_247
2026-01-17 18:43:04 DEBUG	Jump to goto_500
2026-01-17 18:43:04 DEBUG	Jump to goto_120
2026-01-17 18:43:04 DEBUG	Jump to goto_509
2026-01-17 18:43:04 DEBUG	Jump to goto_538
2026-01-17 18:43:04 DEBUG	Jump to goto_129
2026-01-17 18:43:04 DEBUG	Jump to goto_546
2026-01-17 18:43:04 DEBUG	Jump to goto_275
2026-01-17 18:43:04 DEBUG	Jump to goto_554
2026-01-17 18:43:04 DEBUG	Jump to goto_580
2026-01-17 18:43:04 DEBUG	Jump to goto_290
2026-01-17 18:43:04 DEBUG	Jump to goto_588
2026-01-17 18:43:04 DEBUG	Jump to goto_64
2026-01-17 18:43:04 DEBUG	Jump to goto_596
2026-01-17 18:43:04 DEBUG	Jump to goto_299
2026-01-17 18:43:04 DEBUG	Jump to goto_605
2026-01-17 18:43:04 DEBUG	Jump to goto_146
2026-01-17 18:43:04 DEBUG	Jump to goto_614
2026-01-17 18:43:04 DEBUG	Jump to goto_308
2026-01-17 18:43:04 DEBUG	Jump to goto_156
2026-01-17 18:43:04 DEBUG	Jump to goto_647
2026-01-17 18:43:04 DEBUG	Jump to goto_327
2026-01-17 18:43:04 DEBUG	Jump to goto_657
2026-01-17 18:43:04 DEBUG	Jump to goto_72
2026-01-17 18:43:04 DEBUG	Jump to goto_665
2026-01-17 18:43:04 DEBUG	Jump to goto_336
2026-01-17 18:43:04 DEBUG	Jump to goto_674
2026-01-17 18:43:04 DEBUG	Jump to goto_702
2026-01-17 18:43:04 DEBUG	Jump to goto_354
2026-01-17 18:43:04 DEBUG	Jump to goto_710
2026-01-17 18:43:04 DEBUG	Jump to goto_175
2026-01-17 18:43:04 DEBUG	Jump to goto_718
2026-01-17 18:43:04 DEBUG	Jump to goto_748
2026-01-17 18:43:04 DEBUG	Jump to goto_183
2026-01-17 18:43:04 DEBUG	Jump to goto_755
2026-01-17 18:43:04 DEBUG	Jump to goto_380
2026-01-17 18:43:04 DEBUG	Jump to goto_763
2026-01-17 18:43:04 DEBUG	Jump to goto_41
2026-01-17 18:43:04 DEBUG	Jump to goto_773
2026-01-17 18:43:04 DEBUG	Jump to goto_389
2026-01-17 18:43:04 DEBUG	Jump to goto_92
2026-01-17 18:43:04 DEBUG	Jump to goto_808
2026-01-17 18:43:04 DEBUG	Jump to goto_407
2026-01-17 18:43:04 DEBUG	Jump to goto_817
2026-01-17 18:43:04 DEBUG	Jump to goto_93
2026-01-17 18:43:04 DEBUG	Jump to goto_210
2026-01-17 18:43:04 DEBUG	Jump to goto_424
2026-01-17 18:43:04 DEBUG	Jump to goto_98
2026-01-17 18:43:04 DEBUG	Jump to goto_429
2026-01-17 18:43:04 DEBUG	Jump to goto_213
2026-01-17 18:43:04 DEBUG	Jump to goto_433
2026-01-17 18:43:04 DEBUG	Jump to goto_48
2026-01-17 18:43:04 DEBUG	Jump to goto_437
2026-01-17 18:43:04 DEBUG	Jump to goto_217
2026-01-17 18:43:04 DEBUG	Jump to goto_24
2026-01-17 18:43:04 DEBUG	Jump to goto_454
2026-01-17 18:43:04 DEBUG	Jump to goto_226
2026-01-17 18:43:04 DEBUG	Jump to goto_459
2026-01-17 18:43:04 DEBUG	Jump to goto_108
2026-01-17 18:43:04 DEBUG	Jump to goto_577
2026-01-17 18:43:04 DEBUG	Jump to goto_288
2026-01-17 18:43:04 DEBUG	Jump to goto_581
2026-01-17 18:43:04 DEBUG	Jump to goto_139
2026-01-17 18:43:04 DEBUG	Jump to goto_585
2026-01-17 18:43:04 DEBUG	Jump to goto_600
2026-01-17 18:43:04 DEBUG	Jump to goto_143
2026-01-17 18:43:04 DEBUG	Jump to goto_603
2026-01-17 18:43:04 DEBUG	Jump to goto_301
2026-01-17 18:43:04 DEBUG	Jump to goto_607
2026-01-17 18:43:04 DEBUG	Jump to goto_622
2026-01-17 18:43:04 DEBUG	Jump to goto_311
2026-01-17 18:43:04 DEBUG	Jump to goto_625
2026-01-17 18:43:04 DEBUG	Jump to goto_11
2026-01-17 18:43:04 DEBUG	Jump to goto_629
2026-01-17 18:43:04 DEBUG	Jump to goto_316
2026-01-17 18:43:04 DEBUG	Jump to goto_633
2026-01-17 18:43:04 DEBUG	Jump to goto_152
2026-01-17 18:43:04 DEBUG	Jump to goto_637
2026-01-17 18:43:04 DEBUG	Jump to goto_320
2026-01-17 18:43:04 DEBUG	Jump to goto_159
2026-01-17 18:43:04 DEBUG	Jump to goto_654
2026-01-17 18:43:04 DEBUG	Jump to goto_329
2026-01-17 18:43:04 DEBUG	Jump to goto_659
2026-01-17 18:43:04 DEBUG	Jump to goto_33
2026-01-17 18:43:04 DEBUG	Jump to goto_812
2026-01-17 18:43:04 DEBUG	Jump to goto_200
2026-01-17 18:43:04 DEBUG	Jump to goto_815
2026-01-17 18:43:04 DEBUG	Jump to goto_409
2026-01-17 18:43:04 DEBUG	Jump to goto_463
2026-01-17 18:43:04 DEBUG	Jump to goto_231
2026-01-17 18:43:04 DEBUG	Jump to goto_115
2026-01-17 18:43:04 DEBUG	Jump to goto_481
2026-01-17 18:43:04 DEBUG	Jump to goto_240
2026-01-17 18:43:04 DEBUG	Jump to goto_486
2026-01-17 18:43:04 DEBUG	Jump to goto_13
2026-01-17 18:43:04 DEBUG	Jump to goto_251
2026-01-17 18:43:04 DEBUG	Jump to goto_502
2026-01-17 18:43:04 DEBUG	Jump to goto_56
2026-01-17 18:43:04 DEBUG	Jump to goto_507
2026-01-17 18:43:04 DEBUG	Jump to goto_254
2026-01-17 18:43:04 DEBUG	Jump to goto_512
2026-01-17 18:43:04 DEBUG	Jump to goto_122
2026-01-17 18:43:04 DEBUG	Jump to goto_516
2026-01-17 18:43:04 DEBUG	Jump to goto_258
2026-01-17 18:43:04 DEBUG	Jump to goto_128
2026-01-17 18:43:04 DEBUG	Jump to goto_533
2026-01-17 18:43:04 DEBUG	Jump to goto_268
2026-01-17 18:43:04 DEBUG	Jump to goto_539
2026-01-17 18:43:04 DEBUG	Jump to goto_62
2026-01-17 18:43:04 DEBUG	Jump to goto_544
2026-01-17 18:43:04 DEBUG	Jump to goto_273
2026-01-17 18:43:04 DEBUG	Jump to goto_548
2026-01-17 18:43:04 DEBUG	Jump to goto_134
2026-01-17 18:43:04 DEBUG	Jump to goto_279
2026-01-17 18:43:04 DEBUG	Jump to goto_563
2026-01-17 18:43:04 DEBUG	Jump to goto_132
2026-01-17 18:43:04 DEBUG	Jump to goto_568
2026-01-17 18:43:04 DEBUG	Jump to goto_284
2026-01-17 18:43:04 DEBUG	Jump to goto_572
2026-01-17 18:43:04 DEBUG	Jump to goto_60
2026-01-17 18:43:04 DEBUG	Jump to goto_576
2026-01-17 18:43:04 DEBUG	Jump to goto_288
2026-01-17 18:43:04 DEBUG	Jump to goto_663
2026-01-17 18:43:04 DEBUG	Jump to goto_333
2026-01-17 18:43:04 DEBUG	Jump to goto_76
2026-01-17 18:43:04 DEBUG	Jump to goto_681
2026-01-17 18:43:04 DEBUG	Jump to goto_342
2026-01-17 18:43:04 DEBUG	Jump to goto_686
2026-01-17 18:43:04 DEBUG	Jump to goto_167
2026-01-17 18:43:04 DEBUG	Jump to goto_353
2026-01-17 18:43:04 DEBUG	Jump to goto_703
2026-01-17 18:43:04 DEBUG	Jump to goto_173
2026-01-17 18:43:04 DEBUG	Jump to goto_708
2026-01-17 18:43:04 DEBUG	Jump to goto_357
2026-01-17 18:43:04 DEBUG	Jump to goto_712
2026-01-17 18:43:04 DEBUG	Jump to goto_79
2026-01-17 18:43:04 DEBUG	Jump to goto_716
2026-01-17 18:43:04 DEBUG	Jump to goto_361
2026-01-17 18:43:04 DEBUG	Jump to goto_40
2026-01-17 18:43:04 DEBUG	Jump to goto_734
2026-01-17 18:43:04 DEBUG	Jump to goto_370
2026-01-17 18:43:04 DEBUG	Jump to goto_739
2026-01-17 18:43:04 DEBUG	Jump to goto_181
2026-01-17 18:43:04 DEBUG	Jump to goto_744
2026-01-17 18:43:04 DEBUG	Jump to goto_374
2026-01-17 18:43:04 DEBUG	Jump to goto_749
2026-01-17 18:43:04 DEBUG	Jump to goto_83
2026-01-17 18:43:04 DEBUG	Jump to goto_384
2026-01-17 18:43:04 DEBUG	Jump to goto_765
2026-01-17 18:43:04 DEBUG	Jump to goto_18
2026-01-17 18:43:04 DEBUG	Jump to goto_771
2026-01-17 18:43:04 DEBUG	Jump to goto_387
2026-01-17 18:43:04 DEBUG	Jump to goto_775
2026-01-17 18:43:04 DEBUG	Jump to goto_190
2026-01-17 18:43:04 DEBUG	Jump to goto_779
2026-01-17 18:43:04 DEBUG	Jump to goto_392
2026-01-17 18:43:04 DEBUG	Jump to goto_196
2026-01-17 18:43:04 DEBUG	Jump to goto_797
2026-01-17 18:43:04 DEBUG	Jump to goto_401
2026-01-17 18:43:04 DEBUG	Jump to goto_802
2026-01-17 18:43:04 DEBUG	Jump to goto_43
2026-01-17 18:43:04 DEBUG	Jump to goto_806
2026-01-17 18:43:04 DEBUG	Jump to goto_405
2026-01-17 18:43:04 DEBUG	Jump to goto_811
2026-01-17 18:43:04 DEBUG	Jump to goto_200
